<?xml version="1.0" encoding="UTF-8"?>
<!-- Generated by org.testng.reporters.JUnitXMLReporter -->
<testsuite ignored="2" hostname="DESKTOP-1C8JGEG" failures="0" tests="5" name="TestRunner2" time="58.476" errors="0" timestamp="2023-09-20T14:59:54 IST">
  <testcase classname="com.PracticeTestNG.SmokeBaseClassTestCases" name="demo" time="0.0">
    <skipped/>
  </testcase> <!-- demo -->
  <testcase classname="com.PracticeTestNG.IntegrationTestExn" name="test" time="0.0">
    <skipped/>
  </testcase> <!-- test -->
  <testcase classname="com.PracticeTestNG.Simple1" name="puntertest" time="0.001"/>
  <testcase classname="com.PracticeTestNG.Simple1" name="simpletest" time="0.002"/>
  <testcase classname="com.PracticeTestNG.Simple1" name="tester" time="0.002"/>
  <testcase classname="com.WebDriverUtils.BaseClass" name="@AfterSuite configAS" time="0.0">
    <ignored/>
  </testcase> <!-- @AfterSuite configAS -->
  <testcase classname="com.WebDriverUtils.BaseClass" name="@BeforeSuite configBS" time="0.0">
    <ignored/>
  </testcase> <!-- @BeforeSuite configBS -->
</testsuite> <!-- TestRunner2 -->
