<?xml version="1.0" encoding="UTF-8"?>
<!-- Generated by org.testng.reporters.JUnitXMLReporter -->
<testsuite ignored="0" hostname="DESKTOP-1C8JGEG" failures="0" tests="4" name="Test" time="8.494" errors="0" timestamp="2023-09-21T18:17:17 IST">
  <testcase classname="com.PracticeTestNG.SmokeBaseClassTestCases" name="demo" time="0.003"/>
  <testcase classname="com.PracticeTestNG.Simple1" name="puntertest" time="0.001"/>
  <testcase classname="com.PracticeTestNG.Simple1" name="simpletest" time="0.009"/>
  <testcase classname="com.PracticeTestNG.Simple1" name="tester" time="0.002"/>
</testsuite> <!-- Test -->
